<?xml version="1.0" encoding="UTF-8" ?>
<testsuite tests="11" failures="0" name="com.mycompany.linkedlistown.SimpleLinkedListTest" time="0.007" errors="0" skipped="0">
  <properties>
[...]
</properties>
  <testcase classname="com.mycompany.linkedlistown.SimpleLinkedListTest" name="whenAddIterMultiHasNextTrue" time="0.006"/>
  <testcase classname="com.mycompany.linkedlistown.SimpleLinkedListTest" name="whenDeleteEmptyLinked" time="0"/>
  <testcase classname="com.mycompany.linkedlistown.SimpleLinkedListTest" name="whenAddIterHasNextTrue" time="0"/>
  <testcase classname="com.mycompany.linkedlistown.SimpleLinkedListTest" name="whenGetFromOutOfBoundThenExceptionThrown" time="0"/>
  <testcase classname="com.mycompany.linkedlistown.SimpleLinkedListTest" name="whenAddIterNextOne" time="0"/>
  <testcase classname="com.mycompany.linkedlistown.SimpleLinkedListTest" name="whenEmptyIterHashNextFalse" time="0"/>
  <testcase classname="com.mycompany.linkedlistown.SimpleLinkedListTest" name="whenAddAndGet" time="0"/>
  <testcase classname="com.mycompany.linkedlistown.SimpleLinkedListTest" name="whenDeleteFirst" time="0"/>
  <testcase classname="com.mycompany.linkedlistown.SimpleLinkedListTest" name="whenMultiDelete" time="0"/>
  <testcase classname="com.mycompany.linkedlistown.SimpleLinkedListTest" name="whenGetIteratorTwiceThenEveryFromBegin" time="0"/>
  <testcase classname="com.mycompany.linkedlistown.SimpleLinkedListTest" name="whenAddIterNextOneNextTwo" time="0.001"/>
</testsuite>